ARM GAS  /var/folders/g_/_gbrp9t921v56m675w45dsjm0000gn/T//ccSM9QaG.s 			page 1


   1              		.cpu cortex-m3
   2              		.arch armv7-m
   3              		.fpu softvfp
   4              		.eabi_attribute 20, 1
   5              		.eabi_attribute 21, 1
   6              		.eabi_attribute 23, 3
   7              		.eabi_attribute 24, 1
   8              		.eabi_attribute 25, 1
   9              		.eabi_attribute 26, 1
  10              		.eabi_attribute 30, 1
  11              		.eabi_attribute 34, 1
  12              		.eabi_attribute 18, 4
  13              		.file	"stm32f1xx_hal_msp.c"
  14              		.text
  15              	.Ltext0:
  16              		.cfi_sections	.debug_frame
  17              		.file 1 "stm32f1xx_hal_msp.c"
  18              		.section	.text.HAL_MspInit,"ax",%progbits
  19              		.align	1
  20              		.global	HAL_MspInit
  21              		.syntax unified
  22              		.thumb
  23              		.thumb_func
  25              	HAL_MspInit:
  26              	.LFB65:
   1:stm32f1xx_hal_msp.c **** /* USER CODE BEGIN Header */
   2:stm32f1xx_hal_msp.c **** /**
   3:stm32f1xx_hal_msp.c ****   ******************************************************************************
   4:stm32f1xx_hal_msp.c ****   * @file         stm32f1xx_hal_msp.c
   5:stm32f1xx_hal_msp.c ****   * @brief        This file provides code for the MSP Initialization
   6:stm32f1xx_hal_msp.c ****   *               and de-Initialization codes.
   7:stm32f1xx_hal_msp.c ****   ******************************************************************************
   8:stm32f1xx_hal_msp.c ****   * @attention
   9:stm32f1xx_hal_msp.c ****   *
  10:stm32f1xx_hal_msp.c ****   * Copyright (c) 2023 STMicroelectronics.
  11:stm32f1xx_hal_msp.c ****   * All rights reserved.
  12:stm32f1xx_hal_msp.c ****   *
  13:stm32f1xx_hal_msp.c ****   * This software is licensed under terms that can be found in the LICENSE file
  14:stm32f1xx_hal_msp.c ****   * in the root directory of this software component.
  15:stm32f1xx_hal_msp.c ****   * If no LICENSE file comes with this software, it is provided AS-IS.
  16:stm32f1xx_hal_msp.c ****   *
  17:stm32f1xx_hal_msp.c ****   ******************************************************************************
  18:stm32f1xx_hal_msp.c ****   */
  19:stm32f1xx_hal_msp.c **** /* USER CODE END Header */
  20:stm32f1xx_hal_msp.c **** 
  21:stm32f1xx_hal_msp.c **** /* Includes ------------------------------------------------------------------*/
  22:stm32f1xx_hal_msp.c **** #include "main.h"
  23:stm32f1xx_hal_msp.c **** /* USER CODE BEGIN Includes */
  24:stm32f1xx_hal_msp.c **** 
  25:stm32f1xx_hal_msp.c **** /* USER CODE END Includes */
  26:stm32f1xx_hal_msp.c **** 
  27:stm32f1xx_hal_msp.c **** /* Private typedef -----------------------------------------------------------*/
  28:stm32f1xx_hal_msp.c **** /* USER CODE BEGIN TD */
  29:stm32f1xx_hal_msp.c **** 
  30:stm32f1xx_hal_msp.c **** /* USER CODE END TD */
  31:stm32f1xx_hal_msp.c **** 
  32:stm32f1xx_hal_msp.c **** /* Private define ------------------------------------------------------------*/
ARM GAS  /var/folders/g_/_gbrp9t921v56m675w45dsjm0000gn/T//ccSM9QaG.s 			page 2


  33:stm32f1xx_hal_msp.c **** /* USER CODE BEGIN Define */
  34:stm32f1xx_hal_msp.c **** 
  35:stm32f1xx_hal_msp.c **** /* USER CODE END Define */
  36:stm32f1xx_hal_msp.c **** 
  37:stm32f1xx_hal_msp.c **** /* Private macro -------------------------------------------------------------*/
  38:stm32f1xx_hal_msp.c **** /* USER CODE BEGIN Macro */
  39:stm32f1xx_hal_msp.c **** 
  40:stm32f1xx_hal_msp.c **** /* USER CODE END Macro */
  41:stm32f1xx_hal_msp.c **** 
  42:stm32f1xx_hal_msp.c **** /* Private variables ---------------------------------------------------------*/
  43:stm32f1xx_hal_msp.c **** /* USER CODE BEGIN PV */
  44:stm32f1xx_hal_msp.c **** 
  45:stm32f1xx_hal_msp.c **** /* USER CODE END PV */
  46:stm32f1xx_hal_msp.c **** 
  47:stm32f1xx_hal_msp.c **** /* Private function prototypes -----------------------------------------------*/
  48:stm32f1xx_hal_msp.c **** /* USER CODE BEGIN PFP */
  49:stm32f1xx_hal_msp.c **** 
  50:stm32f1xx_hal_msp.c **** /* USER CODE END PFP */
  51:stm32f1xx_hal_msp.c **** 
  52:stm32f1xx_hal_msp.c **** /* External functions --------------------------------------------------------*/
  53:stm32f1xx_hal_msp.c **** /* USER CODE BEGIN ExternalFunctions */
  54:stm32f1xx_hal_msp.c **** 
  55:stm32f1xx_hal_msp.c **** /* USER CODE END ExternalFunctions */
  56:stm32f1xx_hal_msp.c **** 
  57:stm32f1xx_hal_msp.c **** /* USER CODE BEGIN 0 */
  58:stm32f1xx_hal_msp.c **** 
  59:stm32f1xx_hal_msp.c **** /* USER CODE END 0 */
  60:stm32f1xx_hal_msp.c **** /**
  61:stm32f1xx_hal_msp.c ****   * Initializes the Global MSP.
  62:stm32f1xx_hal_msp.c ****   */
  63:stm32f1xx_hal_msp.c **** void HAL_MspInit(void)
  64:stm32f1xx_hal_msp.c **** {
  27              		.loc 1 64 1 view -0
  28              		.cfi_startproc
  29              		@ args = 0, pretend = 0, frame = 8
  30              		@ frame_needed = 0, uses_anonymous_args = 0
  31              		@ link register save eliminated.
  32 0000 82B0     		sub	sp, sp, #8
  33              	.LCFI0:
  34              		.cfi_def_cfa_offset 8
  65:stm32f1xx_hal_msp.c ****   /* USER CODE BEGIN MspInit 0 */
  66:stm32f1xx_hal_msp.c **** 
  67:stm32f1xx_hal_msp.c ****   /* USER CODE END MspInit 0 */
  68:stm32f1xx_hal_msp.c **** 
  69:stm32f1xx_hal_msp.c ****   __HAL_RCC_AFIO_CLK_ENABLE();
  35              		.loc 1 69 3 view .LVU1
  36              	.LBB2:
  37              		.loc 1 69 3 view .LVU2
  38              		.loc 1 69 3 view .LVU3
  39 0002 0A4B     		ldr	r3, .L3
  40 0004 9A69     		ldr	r2, [r3, #24]
  41 0006 42F00102 		orr	r2, r2, #1
  42 000a 9A61     		str	r2, [r3, #24]
  43              		.loc 1 69 3 view .LVU4
  44 000c 9A69     		ldr	r2, [r3, #24]
  45 000e 02F00102 		and	r2, r2, #1
  46 0012 0092     		str	r2, [sp]
ARM GAS  /var/folders/g_/_gbrp9t921v56m675w45dsjm0000gn/T//ccSM9QaG.s 			page 3


  47              		.loc 1 69 3 view .LVU5
  48 0014 009A     		ldr	r2, [sp]
  49              	.LBE2:
  50              		.loc 1 69 3 view .LVU6
  70:stm32f1xx_hal_msp.c ****   __HAL_RCC_PWR_CLK_ENABLE();
  51              		.loc 1 70 3 view .LVU7
  52              	.LBB3:
  53              		.loc 1 70 3 view .LVU8
  54              		.loc 1 70 3 view .LVU9
  55 0016 DA69     		ldr	r2, [r3, #28]
  56 0018 42F08052 		orr	r2, r2, #268435456
  57 001c DA61     		str	r2, [r3, #28]
  58              		.loc 1 70 3 view .LVU10
  59 001e DB69     		ldr	r3, [r3, #28]
  60 0020 03F08053 		and	r3, r3, #268435456
  61 0024 0193     		str	r3, [sp, #4]
  62              		.loc 1 70 3 view .LVU11
  63 0026 019B     		ldr	r3, [sp, #4]
  64              	.LBE3:
  65              		.loc 1 70 3 view .LVU12
  71:stm32f1xx_hal_msp.c **** 
  72:stm32f1xx_hal_msp.c ****   /* System interrupt init*/
  73:stm32f1xx_hal_msp.c **** 
  74:stm32f1xx_hal_msp.c ****   /* USER CODE BEGIN MspInit 1 */
  75:stm32f1xx_hal_msp.c **** 
  76:stm32f1xx_hal_msp.c ****   /* USER CODE END MspInit 1 */
  77:stm32f1xx_hal_msp.c **** }
  66              		.loc 1 77 1 is_stmt 0 view .LVU13
  67 0028 02B0     		add	sp, sp, #8
  68              	.LCFI1:
  69              		.cfi_def_cfa_offset 0
  70              		@ sp needed
  71 002a 7047     		bx	lr
  72              	.L4:
  73              		.align	2
  74              	.L3:
  75 002c 00100240 		.word	1073876992
  76              		.cfi_endproc
  77              	.LFE65:
  79              		.section	.text.HAL_UART_MspInit,"ax",%progbits
  80              		.align	1
  81              		.global	HAL_UART_MspInit
  82              		.syntax unified
  83              		.thumb
  84              		.thumb_func
  86              	HAL_UART_MspInit:
  87              	.LVL0:
  88              	.LFB66:
  78:stm32f1xx_hal_msp.c **** 
  79:stm32f1xx_hal_msp.c **** /**
  80:stm32f1xx_hal_msp.c **** * @brief UART MSP Initialization
  81:stm32f1xx_hal_msp.c **** * This function configures the hardware resources used in this example
  82:stm32f1xx_hal_msp.c **** * @param huart: UART handle pointer
  83:stm32f1xx_hal_msp.c **** * @retval None
  84:stm32f1xx_hal_msp.c **** */
  85:stm32f1xx_hal_msp.c **** void HAL_UART_MspInit(UART_HandleTypeDef* huart)
  86:stm32f1xx_hal_msp.c **** {
ARM GAS  /var/folders/g_/_gbrp9t921v56m675w45dsjm0000gn/T//ccSM9QaG.s 			page 4


  89              		.loc 1 86 1 is_stmt 1 view -0
  90              		.cfi_startproc
  91              		@ args = 0, pretend = 0, frame = 24
  92              		@ frame_needed = 0, uses_anonymous_args = 0
  93              		.loc 1 86 1 is_stmt 0 view .LVU15
  94 0000 10B5     		push	{r4, lr}
  95              	.LCFI2:
  96              		.cfi_def_cfa_offset 8
  97              		.cfi_offset 4, -8
  98              		.cfi_offset 14, -4
  99 0002 86B0     		sub	sp, sp, #24
 100              	.LCFI3:
 101              		.cfi_def_cfa_offset 32
  87:stm32f1xx_hal_msp.c ****   GPIO_InitTypeDef GPIO_InitStruct = {0};
 102              		.loc 1 87 3 is_stmt 1 view .LVU16
 103              		.loc 1 87 20 is_stmt 0 view .LVU17
 104 0004 0023     		movs	r3, #0
 105 0006 0293     		str	r3, [sp, #8]
 106 0008 0393     		str	r3, [sp, #12]
 107 000a 0493     		str	r3, [sp, #16]
 108 000c 0593     		str	r3, [sp, #20]
  88:stm32f1xx_hal_msp.c ****   if(huart->Instance==USART1)
 109              		.loc 1 88 3 is_stmt 1 view .LVU18
 110              		.loc 1 88 11 is_stmt 0 view .LVU19
 111 000e 0268     		ldr	r2, [r0]
 112              		.loc 1 88 5 view .LVU20
 113 0010 174B     		ldr	r3, .L9
 114 0012 9A42     		cmp	r2, r3
 115 0014 01D0     		beq	.L8
 116              	.LVL1:
 117              	.L5:
  89:stm32f1xx_hal_msp.c ****   {
  90:stm32f1xx_hal_msp.c ****   /* USER CODE BEGIN USART1_MspInit 0 */
  91:stm32f1xx_hal_msp.c **** 
  92:stm32f1xx_hal_msp.c ****   /* USER CODE END USART1_MspInit 0 */
  93:stm32f1xx_hal_msp.c ****     /* Peripheral clock enable */
  94:stm32f1xx_hal_msp.c ****     __HAL_RCC_USART1_CLK_ENABLE();
  95:stm32f1xx_hal_msp.c **** 
  96:stm32f1xx_hal_msp.c ****     __HAL_RCC_GPIOA_CLK_ENABLE();
  97:stm32f1xx_hal_msp.c ****     /**USART1 GPIO Configuration
  98:stm32f1xx_hal_msp.c ****     PA9     ------> USART1_TX
  99:stm32f1xx_hal_msp.c ****     PA10     ------> USART1_RX
 100:stm32f1xx_hal_msp.c ****     */
 101:stm32f1xx_hal_msp.c ****     GPIO_InitStruct.Pin = GPIO_PIN_9;
 102:stm32f1xx_hal_msp.c ****     GPIO_InitStruct.Mode = GPIO_MODE_AF_PP;
 103:stm32f1xx_hal_msp.c ****     GPIO_InitStruct.Speed = GPIO_SPEED_FREQ_HIGH;
 104:stm32f1xx_hal_msp.c ****     HAL_GPIO_Init(GPIOA, &GPIO_InitStruct);
 105:stm32f1xx_hal_msp.c **** 
 106:stm32f1xx_hal_msp.c ****     GPIO_InitStruct.Pin = GPIO_PIN_10;
 107:stm32f1xx_hal_msp.c ****     GPIO_InitStruct.Mode = GPIO_MODE_INPUT;
 108:stm32f1xx_hal_msp.c ****     GPIO_InitStruct.Pull = GPIO_NOPULL;
 109:stm32f1xx_hal_msp.c ****     HAL_GPIO_Init(GPIOA, &GPIO_InitStruct);
 110:stm32f1xx_hal_msp.c **** 
 111:stm32f1xx_hal_msp.c ****   /* USER CODE BEGIN USART1_MspInit 1 */
 112:stm32f1xx_hal_msp.c **** 
 113:stm32f1xx_hal_msp.c ****   /* USER CODE END USART1_MspInit 1 */
 114:stm32f1xx_hal_msp.c ****   }
ARM GAS  /var/folders/g_/_gbrp9t921v56m675w45dsjm0000gn/T//ccSM9QaG.s 			page 5


 115:stm32f1xx_hal_msp.c **** 
 116:stm32f1xx_hal_msp.c **** }
 118              		.loc 1 116 1 view .LVU21
 119 0016 06B0     		add	sp, sp, #24
 120              	.LCFI4:
 121              		.cfi_remember_state
 122              		.cfi_def_cfa_offset 8
 123              		@ sp needed
 124 0018 10BD     		pop	{r4, pc}
 125              	.LVL2:
 126              	.L8:
 127              	.LCFI5:
 128              		.cfi_restore_state
  94:stm32f1xx_hal_msp.c **** 
 129              		.loc 1 94 5 is_stmt 1 view .LVU22
 130              	.LBB4:
  94:stm32f1xx_hal_msp.c **** 
 131              		.loc 1 94 5 view .LVU23
  94:stm32f1xx_hal_msp.c **** 
 132              		.loc 1 94 5 view .LVU24
 133 001a 03F55843 		add	r3, r3, #55296
 134 001e 9A69     		ldr	r2, [r3, #24]
 135 0020 42F48042 		orr	r2, r2, #16384
 136 0024 9A61     		str	r2, [r3, #24]
  94:stm32f1xx_hal_msp.c **** 
 137              		.loc 1 94 5 view .LVU25
 138 0026 9A69     		ldr	r2, [r3, #24]
 139 0028 02F48042 		and	r2, r2, #16384
 140 002c 0092     		str	r2, [sp]
  94:stm32f1xx_hal_msp.c **** 
 141              		.loc 1 94 5 view .LVU26
 142 002e 009A     		ldr	r2, [sp]
 143              	.LBE4:
  94:stm32f1xx_hal_msp.c **** 
 144              		.loc 1 94 5 view .LVU27
  96:stm32f1xx_hal_msp.c ****     /**USART1 GPIO Configuration
 145              		.loc 1 96 5 view .LVU28
 146              	.LBB5:
  96:stm32f1xx_hal_msp.c ****     /**USART1 GPIO Configuration
 147              		.loc 1 96 5 view .LVU29
  96:stm32f1xx_hal_msp.c ****     /**USART1 GPIO Configuration
 148              		.loc 1 96 5 view .LVU30
 149 0030 9A69     		ldr	r2, [r3, #24]
 150 0032 42F00402 		orr	r2, r2, #4
 151 0036 9A61     		str	r2, [r3, #24]
  96:stm32f1xx_hal_msp.c ****     /**USART1 GPIO Configuration
 152              		.loc 1 96 5 view .LVU31
 153 0038 9B69     		ldr	r3, [r3, #24]
 154 003a 03F00403 		and	r3, r3, #4
 155 003e 0193     		str	r3, [sp, #4]
  96:stm32f1xx_hal_msp.c ****     /**USART1 GPIO Configuration
 156              		.loc 1 96 5 view .LVU32
 157 0040 019B     		ldr	r3, [sp, #4]
 158              	.LBE5:
  96:stm32f1xx_hal_msp.c ****     /**USART1 GPIO Configuration
 159              		.loc 1 96 5 view .LVU33
 101:stm32f1xx_hal_msp.c ****     GPIO_InitStruct.Mode = GPIO_MODE_AF_PP;
ARM GAS  /var/folders/g_/_gbrp9t921v56m675w45dsjm0000gn/T//ccSM9QaG.s 			page 6


 160              		.loc 1 101 5 view .LVU34
 101:stm32f1xx_hal_msp.c ****     GPIO_InitStruct.Mode = GPIO_MODE_AF_PP;
 161              		.loc 1 101 25 is_stmt 0 view .LVU35
 162 0042 4FF40073 		mov	r3, #512
 163 0046 0293     		str	r3, [sp, #8]
 102:stm32f1xx_hal_msp.c ****     GPIO_InitStruct.Speed = GPIO_SPEED_FREQ_HIGH;
 164              		.loc 1 102 5 is_stmt 1 view .LVU36
 102:stm32f1xx_hal_msp.c ****     GPIO_InitStruct.Speed = GPIO_SPEED_FREQ_HIGH;
 165              		.loc 1 102 26 is_stmt 0 view .LVU37
 166 0048 0223     		movs	r3, #2
 167 004a 0393     		str	r3, [sp, #12]
 103:stm32f1xx_hal_msp.c ****     HAL_GPIO_Init(GPIOA, &GPIO_InitStruct);
 168              		.loc 1 103 5 is_stmt 1 view .LVU38
 103:stm32f1xx_hal_msp.c ****     HAL_GPIO_Init(GPIOA, &GPIO_InitStruct);
 169              		.loc 1 103 27 is_stmt 0 view .LVU39
 170 004c 0323     		movs	r3, #3
 171 004e 0593     		str	r3, [sp, #20]
 104:stm32f1xx_hal_msp.c **** 
 172              		.loc 1 104 5 is_stmt 1 view .LVU40
 173 0050 084C     		ldr	r4, .L9+4
 174 0052 02A9     		add	r1, sp, #8
 175 0054 2046     		mov	r0, r4
 176              	.LVL3:
 104:stm32f1xx_hal_msp.c **** 
 177              		.loc 1 104 5 is_stmt 0 view .LVU41
 178 0056 FFF7FEFF 		bl	HAL_GPIO_Init
 179              	.LVL4:
 106:stm32f1xx_hal_msp.c ****     GPIO_InitStruct.Mode = GPIO_MODE_INPUT;
 180              		.loc 1 106 5 is_stmt 1 view .LVU42
 106:stm32f1xx_hal_msp.c ****     GPIO_InitStruct.Mode = GPIO_MODE_INPUT;
 181              		.loc 1 106 25 is_stmt 0 view .LVU43
 182 005a 4FF48063 		mov	r3, #1024
 183 005e 0293     		str	r3, [sp, #8]
 107:stm32f1xx_hal_msp.c ****     GPIO_InitStruct.Pull = GPIO_NOPULL;
 184              		.loc 1 107 5 is_stmt 1 view .LVU44
 107:stm32f1xx_hal_msp.c ****     GPIO_InitStruct.Pull = GPIO_NOPULL;
 185              		.loc 1 107 26 is_stmt 0 view .LVU45
 186 0060 0023     		movs	r3, #0
 187 0062 0393     		str	r3, [sp, #12]
 108:stm32f1xx_hal_msp.c ****     HAL_GPIO_Init(GPIOA, &GPIO_InitStruct);
 188              		.loc 1 108 5 is_stmt 1 view .LVU46
 108:stm32f1xx_hal_msp.c ****     HAL_GPIO_Init(GPIOA, &GPIO_InitStruct);
 189              		.loc 1 108 26 is_stmt 0 view .LVU47
 190 0064 0493     		str	r3, [sp, #16]
 109:stm32f1xx_hal_msp.c **** 
 191              		.loc 1 109 5 is_stmt 1 view .LVU48
 192 0066 02A9     		add	r1, sp, #8
 193 0068 2046     		mov	r0, r4
 194 006a FFF7FEFF 		bl	HAL_GPIO_Init
 195              	.LVL5:
 196              		.loc 1 116 1 is_stmt 0 view .LVU49
 197 006e D2E7     		b	.L5
 198              	.L10:
 199              		.align	2
 200              	.L9:
 201 0070 00380140 		.word	1073821696
 202 0074 00080140 		.word	1073809408
ARM GAS  /var/folders/g_/_gbrp9t921v56m675w45dsjm0000gn/T//ccSM9QaG.s 			page 7


 203              		.cfi_endproc
 204              	.LFE66:
 206              		.section	.text.HAL_UART_MspDeInit,"ax",%progbits
 207              		.align	1
 208              		.global	HAL_UART_MspDeInit
 209              		.syntax unified
 210              		.thumb
 211              		.thumb_func
 213              	HAL_UART_MspDeInit:
 214              	.LVL6:
 215              	.LFB67:
 117:stm32f1xx_hal_msp.c **** 
 118:stm32f1xx_hal_msp.c **** /**
 119:stm32f1xx_hal_msp.c **** * @brief UART MSP De-Initialization
 120:stm32f1xx_hal_msp.c **** * This function freeze the hardware resources used in this example
 121:stm32f1xx_hal_msp.c **** * @param huart: UART handle pointer
 122:stm32f1xx_hal_msp.c **** * @retval None
 123:stm32f1xx_hal_msp.c **** */
 124:stm32f1xx_hal_msp.c **** void HAL_UART_MspDeInit(UART_HandleTypeDef* huart)
 125:stm32f1xx_hal_msp.c **** {
 216              		.loc 1 125 1 is_stmt 1 view -0
 217              		.cfi_startproc
 218              		@ args = 0, pretend = 0, frame = 0
 219              		@ frame_needed = 0, uses_anonymous_args = 0
 220              		.loc 1 125 1 is_stmt 0 view .LVU51
 221 0000 08B5     		push	{r3, lr}
 222              	.LCFI6:
 223              		.cfi_def_cfa_offset 8
 224              		.cfi_offset 3, -8
 225              		.cfi_offset 14, -4
 126:stm32f1xx_hal_msp.c ****   if(huart->Instance==USART1)
 226              		.loc 1 126 3 is_stmt 1 view .LVU52
 227              		.loc 1 126 11 is_stmt 0 view .LVU53
 228 0002 0268     		ldr	r2, [r0]
 229              		.loc 1 126 5 view .LVU54
 230 0004 074B     		ldr	r3, .L15
 231 0006 9A42     		cmp	r2, r3
 232 0008 00D0     		beq	.L14
 233              	.LVL7:
 234              	.L11:
 127:stm32f1xx_hal_msp.c ****   {
 128:stm32f1xx_hal_msp.c ****   /* USER CODE BEGIN USART1_MspDeInit 0 */
 129:stm32f1xx_hal_msp.c **** 
 130:stm32f1xx_hal_msp.c ****   /* USER CODE END USART1_MspDeInit 0 */
 131:stm32f1xx_hal_msp.c ****     /* Peripheral clock disable */
 132:stm32f1xx_hal_msp.c ****     __HAL_RCC_USART1_CLK_DISABLE();
 133:stm32f1xx_hal_msp.c **** 
 134:stm32f1xx_hal_msp.c ****     /**USART1 GPIO Configuration
 135:stm32f1xx_hal_msp.c ****     PA9     ------> USART1_TX
 136:stm32f1xx_hal_msp.c ****     PA10     ------> USART1_RX
 137:stm32f1xx_hal_msp.c ****     */
 138:stm32f1xx_hal_msp.c ****     HAL_GPIO_DeInit(GPIOA, GPIO_PIN_9|GPIO_PIN_10);
 139:stm32f1xx_hal_msp.c **** 
 140:stm32f1xx_hal_msp.c ****   /* USER CODE BEGIN USART1_MspDeInit 1 */
 141:stm32f1xx_hal_msp.c **** 
 142:stm32f1xx_hal_msp.c ****   /* USER CODE END USART1_MspDeInit 1 */
 143:stm32f1xx_hal_msp.c ****   }
ARM GAS  /var/folders/g_/_gbrp9t921v56m675w45dsjm0000gn/T//ccSM9QaG.s 			page 8


 144:stm32f1xx_hal_msp.c **** 
 145:stm32f1xx_hal_msp.c **** }
 235              		.loc 1 145 1 view .LVU55
 236 000a 08BD     		pop	{r3, pc}
 237              	.LVL8:
 238              	.L14:
 132:stm32f1xx_hal_msp.c **** 
 239              		.loc 1 132 5 is_stmt 1 view .LVU56
 240 000c 064A     		ldr	r2, .L15+4
 241 000e 9369     		ldr	r3, [r2, #24]
 242 0010 23F48043 		bic	r3, r3, #16384
 243 0014 9361     		str	r3, [r2, #24]
 138:stm32f1xx_hal_msp.c **** 
 244              		.loc 1 138 5 view .LVU57
 245 0016 4FF4C061 		mov	r1, #1536
 246 001a 0448     		ldr	r0, .L15+8
 247              	.LVL9:
 138:stm32f1xx_hal_msp.c **** 
 248              		.loc 1 138 5 is_stmt 0 view .LVU58
 249 001c FFF7FEFF 		bl	HAL_GPIO_DeInit
 250              	.LVL10:
 251              		.loc 1 145 1 view .LVU59
 252 0020 F3E7     		b	.L11
 253              	.L16:
 254 0022 00BF     		.align	2
 255              	.L15:
 256 0024 00380140 		.word	1073821696
 257 0028 00100240 		.word	1073876992
 258 002c 00080140 		.word	1073809408
 259              		.cfi_endproc
 260              	.LFE67:
 262              		.text
 263              	.Letext0:
 264              		.file 2 "/Applications/ArmGNUToolchain/12.2.mpacbti-rel1/arm-none-eabi/arm-none-eabi/include/machi
 265              		.file 3 "/Applications/ArmGNUToolchain/12.2.mpacbti-rel1/arm-none-eabi/arm-none-eabi/include/sys/_
 266              		.file 4 "../Drivers/CMSIS/Device/ST/STM32F1xx/Include/stm32f100xb.h"
 267              		.file 5 "../Drivers/STM32F1xx_HAL_Driver/Inc/stm32f1xx_hal_def.h"
 268              		.file 6 "../Drivers/STM32F1xx_HAL_Driver/Inc/stm32f1xx_hal_gpio.h"
 269              		.file 7 "../Drivers/STM32F1xx_HAL_Driver/Inc/stm32f1xx_hal_dma.h"
 270              		.file 8 "../Drivers/STM32F1xx_HAL_Driver/Inc/stm32f1xx_hal_uart.h"
ARM GAS  /var/folders/g_/_gbrp9t921v56m675w45dsjm0000gn/T//ccSM9QaG.s 			page 9


DEFINED SYMBOLS
                            *ABS*:00000000 stm32f1xx_hal_msp.c
/var/folders/g_/_gbrp9t921v56m675w45dsjm0000gn/T//ccSM9QaG.s:19     .text.HAL_MspInit:00000000 $t
/var/folders/g_/_gbrp9t921v56m675w45dsjm0000gn/T//ccSM9QaG.s:25     .text.HAL_MspInit:00000000 HAL_MspInit
/var/folders/g_/_gbrp9t921v56m675w45dsjm0000gn/T//ccSM9QaG.s:75     .text.HAL_MspInit:0000002c $d
/var/folders/g_/_gbrp9t921v56m675w45dsjm0000gn/T//ccSM9QaG.s:80     .text.HAL_UART_MspInit:00000000 $t
/var/folders/g_/_gbrp9t921v56m675w45dsjm0000gn/T//ccSM9QaG.s:86     .text.HAL_UART_MspInit:00000000 HAL_UART_MspInit
/var/folders/g_/_gbrp9t921v56m675w45dsjm0000gn/T//ccSM9QaG.s:201    .text.HAL_UART_MspInit:00000070 $d
/var/folders/g_/_gbrp9t921v56m675w45dsjm0000gn/T//ccSM9QaG.s:207    .text.HAL_UART_MspDeInit:00000000 $t
/var/folders/g_/_gbrp9t921v56m675w45dsjm0000gn/T//ccSM9QaG.s:213    .text.HAL_UART_MspDeInit:00000000 HAL_UART_MspDeInit
/var/folders/g_/_gbrp9t921v56m675w45dsjm0000gn/T//ccSM9QaG.s:256    .text.HAL_UART_MspDeInit:00000024 $d

UNDEFINED SYMBOLS
HAL_GPIO_Init
HAL_GPIO_DeInit
