ARM GAS  /var/folders/g_/_gbrp9t921v56m675w45dsjm0000gn/T//cc44c22I.s 			page 1


   1              		.cpu cortex-m3
   2              		.arch armv7-m
   3              		.fpu softvfp
   4              		.eabi_attribute 20, 1
   5              		.eabi_attribute 21, 1
   6              		.eabi_attribute 23, 3
   7              		.eabi_attribute 24, 1
   8              		.eabi_attribute 25, 1
   9              		.eabi_attribute 26, 1
  10              		.eabi_attribute 30, 1
  11              		.eabi_attribute 34, 1
  12              		.eabi_attribute 18, 4
  13              		.file	"main.c"
  14              		.text
  15              	.Ltext0:
  16              		.cfi_sections	.debug_frame
  17              		.file 1 "main.c"
  18              		.section	.text.main,"ax",%progbits
  19              		.align	1
  20              		.global	main
  21              		.syntax unified
  22              		.thumb
  23              		.thumb_func
  25              	main:
  26              	.LFB65:
   1:main.c        **** /* USER CODE BEGIN Header */
   2:main.c        **** /**
   3:main.c        ****   ******************************************************************************
   4:main.c        ****   * @file           : main.c
   5:main.c        ****   * @brief          : Main program body
   6:main.c        ****   ******************************************************************************
   7:main.c        ****   * @attention
   8:main.c        ****   *
   9:main.c        ****   * Copyright (c) 2023 STMicroelectronics.
  10:main.c        ****   * All rights reserved.
  11:main.c        ****   *
  12:main.c        ****   * This software is licensed under terms that can be found in the LICENSE file
  13:main.c        ****   * in the root directory of this software component.
  14:main.c        ****   * If no LICENSE file comes with this software, it is provided AS-IS.
  15:main.c        ****   *
  16:main.c        ****   ******************************************************************************
  17:main.c        ****   */
  18:main.c        **** /* USER CODE END Header */
  19:main.c        **** /* Includes ------------------------------------------------------------------*/
  20:main.c        **** #include "main.h"
  21:main.c        **** #include "uart.h"
  22:main.c        **** 
  23:main.c        **** /**
  24:main.c        ****   * @brief  The application entry point.
  25:main.c        ****   * @retval int
  26:main.c        ****   */
  27:main.c        **** 
  28:main.c        **** int main(void)
  29:main.c        **** {
  27              		.loc 1 29 1 view -0
  28              		.cfi_startproc
  29              		@ args = 0, pretend = 0, frame = 0
ARM GAS  /var/folders/g_/_gbrp9t921v56m675w45dsjm0000gn/T//cc44c22I.s 			page 2


  30              		@ frame_needed = 0, uses_anonymous_args = 0
  31 0000 08B5     		push	{r3, lr}
  32              	.LCFI0:
  33              		.cfi_def_cfa_offset 8
  34              		.cfi_offset 3, -8
  35              		.cfi_offset 14, -4
  30:main.c        ****   uart_main();
  36              		.loc 1 30 3 view .LVU1
  37 0002 FFF7FEFF 		bl	uart_main
  38              	.LVL0:
  31:main.c        **** 
  32:main.c        ****   /* USER CODE BEGIN WHILE */
  33:main.c        ****   // while (1)
  34:main.c        ****   // {
  35:main.c        ****   //   /* USER CODE END WHILE */fedef
  36:main.c        **** 
  37:main.c        ****   //   /* USER CODE BEGIN 3 */
  38:main.c        ****   // }
  39:main.c        ****   /* USER CODE END 3 */
  40:main.c        **** }
  39              		.loc 1 40 1 is_stmt 0 view .LVU2
  40 0006 0020     		movs	r0, #0
  41 0008 08BD     		pop	{r3, pc}
  42              		.cfi_endproc
  43              	.LFE65:
  45              		.section	.text.Error_Handler,"ax",%progbits
  46              		.align	1
  47              		.global	Error_Handler
  48              		.syntax unified
  49              		.thumb
  50              		.thumb_func
  52              	Error_Handler:
  53              	.LFB66:
  41:main.c        **** 
  42:main.c        **** 
  43:main.c        **** 
  44:main.c        **** /* USER CODE BEGIN 4 */
  45:main.c        **** 
  46:main.c        **** /* USER CODE END 4 */
  47:main.c        **** 
  48:main.c        **** /**
  49:main.c        ****   * @brief  This function is executed in case of error occurrence.
  50:main.c        ****   * @retval None
  51:main.c        ****   */
  52:main.c        **** void Error_Handler(void)
  53:main.c        **** {
  54              		.loc 1 53 1 is_stmt 1 view -0
  55              		.cfi_startproc
  56              		@ Volatile: function does not return.
  57              		@ args = 0, pretend = 0, frame = 0
  58              		@ frame_needed = 0, uses_anonymous_args = 0
  59              		@ link register save eliminated.
  54:main.c        ****   /* USER CODE BEGIN Error_Handler_Debug */
  55:main.c        ****   /* User can add his own implementation to report the HAL error return state */
  56:main.c        ****   __disable_irq();
  60              		.loc 1 56 3 view .LVU4
  61              	.LBB4:
ARM GAS  /var/folders/g_/_gbrp9t921v56m675w45dsjm0000gn/T//cc44c22I.s 			page 3


  62              	.LBI4:
  63              		.file 2 "../Drivers/CMSIS/Core/Include/cmsis_gcc.h"
   1:../Drivers/CMSIS/Core/Include/cmsis_gcc.h **** /**************************************************************************//**
   2:../Drivers/CMSIS/Core/Include/cmsis_gcc.h ****  * @file     cmsis_gcc.h
   3:../Drivers/CMSIS/Core/Include/cmsis_gcc.h ****  * @brief    CMSIS compiler GCC header file
   4:../Drivers/CMSIS/Core/Include/cmsis_gcc.h ****  * @version  V5.0.4
   5:../Drivers/CMSIS/Core/Include/cmsis_gcc.h ****  * @date     09. April 2018
   6:../Drivers/CMSIS/Core/Include/cmsis_gcc.h ****  ******************************************************************************/
   7:../Drivers/CMSIS/Core/Include/cmsis_gcc.h **** /*
   8:../Drivers/CMSIS/Core/Include/cmsis_gcc.h ****  * Copyright (c) 2009-2018 Arm Limited. All rights reserved.
   9:../Drivers/CMSIS/Core/Include/cmsis_gcc.h ****  *
  10:../Drivers/CMSIS/Core/Include/cmsis_gcc.h ****  * SPDX-License-Identifier: Apache-2.0
  11:../Drivers/CMSIS/Core/Include/cmsis_gcc.h ****  *
  12:../Drivers/CMSIS/Core/Include/cmsis_gcc.h ****  * Licensed under the Apache License, Version 2.0 (the License); you may
  13:../Drivers/CMSIS/Core/Include/cmsis_gcc.h ****  * not use this file except in compliance with the License.
  14:../Drivers/CMSIS/Core/Include/cmsis_gcc.h ****  * You may obtain a copy of the License at
  15:../Drivers/CMSIS/Core/Include/cmsis_gcc.h ****  *
  16:../Drivers/CMSIS/Core/Include/cmsis_gcc.h ****  * www.apache.org/licenses/LICENSE-2.0
  17:../Drivers/CMSIS/Core/Include/cmsis_gcc.h ****  *
  18:../Drivers/CMSIS/Core/Include/cmsis_gcc.h ****  * Unless required by applicable law or agreed to in writing, software
  19:../Drivers/CMSIS/Core/Include/cmsis_gcc.h ****  * distributed under the License is distributed on an AS IS BASIS, WITHOUT
  20:../Drivers/CMSIS/Core/Include/cmsis_gcc.h ****  * WARRANTIES OR CONDITIONS OF ANY KIND, either express or implied.
  21:../Drivers/CMSIS/Core/Include/cmsis_gcc.h ****  * See the License for the specific language governing permissions and
  22:../Drivers/CMSIS/Core/Include/cmsis_gcc.h ****  * limitations under the License.
  23:../Drivers/CMSIS/Core/Include/cmsis_gcc.h ****  */
  24:../Drivers/CMSIS/Core/Include/cmsis_gcc.h **** 
  25:../Drivers/CMSIS/Core/Include/cmsis_gcc.h **** #ifndef __CMSIS_GCC_H
  26:../Drivers/CMSIS/Core/Include/cmsis_gcc.h **** #define __CMSIS_GCC_H
  27:../Drivers/CMSIS/Core/Include/cmsis_gcc.h **** 
  28:../Drivers/CMSIS/Core/Include/cmsis_gcc.h **** /* ignore some GCC warnings */
  29:../Drivers/CMSIS/Core/Include/cmsis_gcc.h **** #pragma GCC diagnostic push
  30:../Drivers/CMSIS/Core/Include/cmsis_gcc.h **** #pragma GCC diagnostic ignored "-Wsign-conversion"
  31:../Drivers/CMSIS/Core/Include/cmsis_gcc.h **** #pragma GCC diagnostic ignored "-Wconversion"
  32:../Drivers/CMSIS/Core/Include/cmsis_gcc.h **** #pragma GCC diagnostic ignored "-Wunused-parameter"
  33:../Drivers/CMSIS/Core/Include/cmsis_gcc.h **** 
  34:../Drivers/CMSIS/Core/Include/cmsis_gcc.h **** /* Fallback for __has_builtin */
  35:../Drivers/CMSIS/Core/Include/cmsis_gcc.h **** #ifndef __has_builtin
  36:../Drivers/CMSIS/Core/Include/cmsis_gcc.h ****   #define __has_builtin(x) (0)
  37:../Drivers/CMSIS/Core/Include/cmsis_gcc.h **** #endif
  38:../Drivers/CMSIS/Core/Include/cmsis_gcc.h **** 
  39:../Drivers/CMSIS/Core/Include/cmsis_gcc.h **** /* CMSIS compiler specific defines */
  40:../Drivers/CMSIS/Core/Include/cmsis_gcc.h **** #ifndef   __ASM
  41:../Drivers/CMSIS/Core/Include/cmsis_gcc.h ****   #define __ASM                                  __asm
  42:../Drivers/CMSIS/Core/Include/cmsis_gcc.h **** #endif
  43:../Drivers/CMSIS/Core/Include/cmsis_gcc.h **** #ifndef   __INLINE
  44:../Drivers/CMSIS/Core/Include/cmsis_gcc.h ****   #define __INLINE                               inline
  45:../Drivers/CMSIS/Core/Include/cmsis_gcc.h **** #endif
  46:../Drivers/CMSIS/Core/Include/cmsis_gcc.h **** #ifndef   __STATIC_INLINE
  47:../Drivers/CMSIS/Core/Include/cmsis_gcc.h ****   #define __STATIC_INLINE                        static inline
  48:../Drivers/CMSIS/Core/Include/cmsis_gcc.h **** #endif
  49:../Drivers/CMSIS/Core/Include/cmsis_gcc.h **** #ifndef   __STATIC_FORCEINLINE                 
  50:../Drivers/CMSIS/Core/Include/cmsis_gcc.h ****   #define __STATIC_FORCEINLINE                   __attribute__((always_inline)) static inline
  51:../Drivers/CMSIS/Core/Include/cmsis_gcc.h **** #endif                                           
  52:../Drivers/CMSIS/Core/Include/cmsis_gcc.h **** #ifndef   __NO_RETURN
  53:../Drivers/CMSIS/Core/Include/cmsis_gcc.h ****   #define __NO_RETURN                            __attribute__((__noreturn__))
  54:../Drivers/CMSIS/Core/Include/cmsis_gcc.h **** #endif
  55:../Drivers/CMSIS/Core/Include/cmsis_gcc.h **** #ifndef   __USED
ARM GAS  /var/folders/g_/_gbrp9t921v56m675w45dsjm0000gn/T//cc44c22I.s 			page 4


  56:../Drivers/CMSIS/Core/Include/cmsis_gcc.h ****   #define __USED                                 __attribute__((used))
  57:../Drivers/CMSIS/Core/Include/cmsis_gcc.h **** #endif
  58:../Drivers/CMSIS/Core/Include/cmsis_gcc.h **** #ifndef   __WEAK
  59:../Drivers/CMSIS/Core/Include/cmsis_gcc.h ****   #define __WEAK                                 __attribute__((weak))
  60:../Drivers/CMSIS/Core/Include/cmsis_gcc.h **** #endif
  61:../Drivers/CMSIS/Core/Include/cmsis_gcc.h **** #ifndef   __PACKED
  62:../Drivers/CMSIS/Core/Include/cmsis_gcc.h ****   #define __PACKED                               __attribute__((packed, aligned(1)))
  63:../Drivers/CMSIS/Core/Include/cmsis_gcc.h **** #endif
  64:../Drivers/CMSIS/Core/Include/cmsis_gcc.h **** #ifndef   __PACKED_STRUCT
  65:../Drivers/CMSIS/Core/Include/cmsis_gcc.h ****   #define __PACKED_STRUCT                        struct __attribute__((packed, aligned(1)))
  66:../Drivers/CMSIS/Core/Include/cmsis_gcc.h **** #endif
  67:../Drivers/CMSIS/Core/Include/cmsis_gcc.h **** #ifndef   __PACKED_UNION
  68:../Drivers/CMSIS/Core/Include/cmsis_gcc.h ****   #define __PACKED_UNION                         union __attribute__((packed, aligned(1)))
  69:../Drivers/CMSIS/Core/Include/cmsis_gcc.h **** #endif
  70:../Drivers/CMSIS/Core/Include/cmsis_gcc.h **** #ifndef   __UNALIGNED_UINT32        /* deprecated */
  71:../Drivers/CMSIS/Core/Include/cmsis_gcc.h ****   #pragma GCC diagnostic push
  72:../Drivers/CMSIS/Core/Include/cmsis_gcc.h ****   #pragma GCC diagnostic ignored "-Wpacked"
  73:../Drivers/CMSIS/Core/Include/cmsis_gcc.h ****   #pragma GCC diagnostic ignored "-Wattributes"
  74:../Drivers/CMSIS/Core/Include/cmsis_gcc.h ****   struct __attribute__((packed)) T_UINT32 { uint32_t v; };
  75:../Drivers/CMSIS/Core/Include/cmsis_gcc.h ****   #pragma GCC diagnostic pop
  76:../Drivers/CMSIS/Core/Include/cmsis_gcc.h ****   #define __UNALIGNED_UINT32(x)                  (((struct T_UINT32 *)(x))->v)
  77:../Drivers/CMSIS/Core/Include/cmsis_gcc.h **** #endif
  78:../Drivers/CMSIS/Core/Include/cmsis_gcc.h **** #ifndef   __UNALIGNED_UINT16_WRITE
  79:../Drivers/CMSIS/Core/Include/cmsis_gcc.h ****   #pragma GCC diagnostic push
  80:../Drivers/CMSIS/Core/Include/cmsis_gcc.h ****   #pragma GCC diagnostic ignored "-Wpacked"
  81:../Drivers/CMSIS/Core/Include/cmsis_gcc.h ****   #pragma GCC diagnostic ignored "-Wattributes"
  82:../Drivers/CMSIS/Core/Include/cmsis_gcc.h ****   __PACKED_STRUCT T_UINT16_WRITE { uint16_t v; };
  83:../Drivers/CMSIS/Core/Include/cmsis_gcc.h ****   #pragma GCC diagnostic pop
  84:../Drivers/CMSIS/Core/Include/cmsis_gcc.h ****   #define __UNALIGNED_UINT16_WRITE(addr, val)    (void)((((struct T_UINT16_WRITE *)(void *)(addr))-
  85:../Drivers/CMSIS/Core/Include/cmsis_gcc.h **** #endif
  86:../Drivers/CMSIS/Core/Include/cmsis_gcc.h **** #ifndef   __UNALIGNED_UINT16_READ
  87:../Drivers/CMSIS/Core/Include/cmsis_gcc.h ****   #pragma GCC diagnostic push
  88:../Drivers/CMSIS/Core/Include/cmsis_gcc.h ****   #pragma GCC diagnostic ignored "-Wpacked"
  89:../Drivers/CMSIS/Core/Include/cmsis_gcc.h ****   #pragma GCC diagnostic ignored "-Wattributes"
  90:../Drivers/CMSIS/Core/Include/cmsis_gcc.h ****   __PACKED_STRUCT T_UINT16_READ { uint16_t v; };
  91:../Drivers/CMSIS/Core/Include/cmsis_gcc.h ****   #pragma GCC diagnostic pop
  92:../Drivers/CMSIS/Core/Include/cmsis_gcc.h ****   #define __UNALIGNED_UINT16_READ(addr)          (((const struct T_UINT16_READ *)(const void *)(add
  93:../Drivers/CMSIS/Core/Include/cmsis_gcc.h **** #endif
  94:../Drivers/CMSIS/Core/Include/cmsis_gcc.h **** #ifndef   __UNALIGNED_UINT32_WRITE
  95:../Drivers/CMSIS/Core/Include/cmsis_gcc.h ****   #pragma GCC diagnostic push
  96:../Drivers/CMSIS/Core/Include/cmsis_gcc.h ****   #pragma GCC diagnostic ignored "-Wpacked"
  97:../Drivers/CMSIS/Core/Include/cmsis_gcc.h ****   #pragma GCC diagnostic ignored "-Wattributes"
  98:../Drivers/CMSIS/Core/Include/cmsis_gcc.h ****   __PACKED_STRUCT T_UINT32_WRITE { uint32_t v; };
  99:../Drivers/CMSIS/Core/Include/cmsis_gcc.h ****   #pragma GCC diagnostic pop
 100:../Drivers/CMSIS/Core/Include/cmsis_gcc.h ****   #define __UNALIGNED_UINT32_WRITE(addr, val)    (void)((((struct T_UINT32_WRITE *)(void *)(addr))-
 101:../Drivers/CMSIS/Core/Include/cmsis_gcc.h **** #endif
 102:../Drivers/CMSIS/Core/Include/cmsis_gcc.h **** #ifndef   __UNALIGNED_UINT32_READ
 103:../Drivers/CMSIS/Core/Include/cmsis_gcc.h ****   #pragma GCC diagnostic push
 104:../Drivers/CMSIS/Core/Include/cmsis_gcc.h ****   #pragma GCC diagnostic ignored "-Wpacked"
 105:../Drivers/CMSIS/Core/Include/cmsis_gcc.h ****   #pragma GCC diagnostic ignored "-Wattributes"
 106:../Drivers/CMSIS/Core/Include/cmsis_gcc.h ****   __PACKED_STRUCT T_UINT32_READ { uint32_t v; };
 107:../Drivers/CMSIS/Core/Include/cmsis_gcc.h ****   #pragma GCC diagnostic pop
 108:../Drivers/CMSIS/Core/Include/cmsis_gcc.h ****   #define __UNALIGNED_UINT32_READ(addr)          (((const struct T_UINT32_READ *)(const void *)(add
 109:../Drivers/CMSIS/Core/Include/cmsis_gcc.h **** #endif
 110:../Drivers/CMSIS/Core/Include/cmsis_gcc.h **** #ifndef   __ALIGNED
 111:../Drivers/CMSIS/Core/Include/cmsis_gcc.h ****   #define __ALIGNED(x)                           __attribute__((aligned(x)))
 112:../Drivers/CMSIS/Core/Include/cmsis_gcc.h **** #endif
ARM GAS  /var/folders/g_/_gbrp9t921v56m675w45dsjm0000gn/T//cc44c22I.s 			page 5


 113:../Drivers/CMSIS/Core/Include/cmsis_gcc.h **** #ifndef   __RESTRICT
 114:../Drivers/CMSIS/Core/Include/cmsis_gcc.h ****   #define __RESTRICT                             __restrict
 115:../Drivers/CMSIS/Core/Include/cmsis_gcc.h **** #endif
 116:../Drivers/CMSIS/Core/Include/cmsis_gcc.h **** 
 117:../Drivers/CMSIS/Core/Include/cmsis_gcc.h **** 
 118:../Drivers/CMSIS/Core/Include/cmsis_gcc.h **** /* ###########################  Core Function Access  ########################### */
 119:../Drivers/CMSIS/Core/Include/cmsis_gcc.h **** /** \ingroup  CMSIS_Core_FunctionInterface
 120:../Drivers/CMSIS/Core/Include/cmsis_gcc.h ****     \defgroup CMSIS_Core_RegAccFunctions CMSIS Core Register Access Functions
 121:../Drivers/CMSIS/Core/Include/cmsis_gcc.h ****   @{
 122:../Drivers/CMSIS/Core/Include/cmsis_gcc.h ****  */
 123:../Drivers/CMSIS/Core/Include/cmsis_gcc.h **** 
 124:../Drivers/CMSIS/Core/Include/cmsis_gcc.h **** /**
 125:../Drivers/CMSIS/Core/Include/cmsis_gcc.h ****   \brief   Enable IRQ Interrupts
 126:../Drivers/CMSIS/Core/Include/cmsis_gcc.h ****   \details Enables IRQ interrupts by clearing the I-bit in the CPSR.
 127:../Drivers/CMSIS/Core/Include/cmsis_gcc.h ****            Can only be executed in Privileged modes.
 128:../Drivers/CMSIS/Core/Include/cmsis_gcc.h ****  */
 129:../Drivers/CMSIS/Core/Include/cmsis_gcc.h **** __STATIC_FORCEINLINE void __enable_irq(void)
 130:../Drivers/CMSIS/Core/Include/cmsis_gcc.h **** {
 131:../Drivers/CMSIS/Core/Include/cmsis_gcc.h ****   __ASM volatile ("cpsie i" : : : "memory");
 132:../Drivers/CMSIS/Core/Include/cmsis_gcc.h **** }
 133:../Drivers/CMSIS/Core/Include/cmsis_gcc.h **** 
 134:../Drivers/CMSIS/Core/Include/cmsis_gcc.h **** 
 135:../Drivers/CMSIS/Core/Include/cmsis_gcc.h **** /**
 136:../Drivers/CMSIS/Core/Include/cmsis_gcc.h ****   \brief   Disable IRQ Interrupts
 137:../Drivers/CMSIS/Core/Include/cmsis_gcc.h ****   \details Disables IRQ interrupts by setting the I-bit in the CPSR.
 138:../Drivers/CMSIS/Core/Include/cmsis_gcc.h ****            Can only be executed in Privileged modes.
 139:../Drivers/CMSIS/Core/Include/cmsis_gcc.h ****  */
 140:../Drivers/CMSIS/Core/Include/cmsis_gcc.h **** __STATIC_FORCEINLINE void __disable_irq(void)
  64              		.loc 2 140 27 view .LVU5
  65              	.LBB5:
 141:../Drivers/CMSIS/Core/Include/cmsis_gcc.h **** {
 142:../Drivers/CMSIS/Core/Include/cmsis_gcc.h ****   __ASM volatile ("cpsid i" : : : "memory");
  66              		.loc 2 142 3 view .LVU6
  67              		.syntax unified
  68              	@ 142 "../Drivers/CMSIS/Core/Include/cmsis_gcc.h" 1
  69 0000 72B6     		cpsid i
  70              	@ 0 "" 2
  71              		.thumb
  72              		.syntax unified
  73              	.L4:
  74              	.LBE5:
  75              	.LBE4:
  57:main.c        ****   while (1)
  76              		.loc 1 57 3 discriminator 1 view .LVU7
  58:main.c        ****   {
  59:main.c        ****   }
  77              		.loc 1 59 3 discriminator 1 view .LVU8
  57:main.c        ****   while (1)
  78              		.loc 1 57 9 discriminator 1 view .LVU9
  79 0002 FEE7     		b	.L4
  80              		.cfi_endproc
  81              	.LFE66:
  83              		.text
  84              	.Letext0:
  85              		.file 3 "uart.h"
ARM GAS  /var/folders/g_/_gbrp9t921v56m675w45dsjm0000gn/T//cc44c22I.s 			page 6


DEFINED SYMBOLS
                            *ABS*:00000000 main.c
/var/folders/g_/_gbrp9t921v56m675w45dsjm0000gn/T//cc44c22I.s:19     .text.main:00000000 $t
/var/folders/g_/_gbrp9t921v56m675w45dsjm0000gn/T//cc44c22I.s:25     .text.main:00000000 main
/var/folders/g_/_gbrp9t921v56m675w45dsjm0000gn/T//cc44c22I.s:46     .text.Error_Handler:00000000 $t
/var/folders/g_/_gbrp9t921v56m675w45dsjm0000gn/T//cc44c22I.s:52     .text.Error_Handler:00000000 Error_Handler

UNDEFINED SYMBOLS
uart_main
