ARM GAS  /var/folders/g_/_gbrp9t921v56m675w45dsjm0000gn/T//ccEwvQeh.s 			page 1


   1              		.cpu cortex-m3
   2              		.arch armv7-m
   3              		.fpu softvfp
   4              		.eabi_attribute 20, 1
   5              		.eabi_attribute 21, 1
   6              		.eabi_attribute 23, 3
   7              		.eabi_attribute 24, 1
   8              		.eabi_attribute 25, 1
   9              		.eabi_attribute 26, 1
  10              		.eabi_attribute 30, 1
  11              		.eabi_attribute 34, 1
  12              		.eabi_attribute 18, 4
  13              		.file	"uart.c"
  14              		.text
  15              	.Ltext0:
  16              		.cfi_sections	.debug_frame
  17              		.file 1 "uart.c"
  18              		.section	.text.MX_GPIO_Init,"ax",%progbits
  19              		.align	1
  20              		.syntax unified
  21              		.thumb
  22              		.thumb_func
  24              	MX_GPIO_Init:
  25              	.LFB69:
   1:uart.c        **** #include "main.h"
   2:uart.c        **** #include "uart.h"
   3:uart.c        **** #include <string.h>
   4:uart.c        **** 
   5:uart.c        **** static void MX_GPIO_Init(void);
   6:uart.c        **** 
   7:uart.c        **** UART_HandleTypeDef huart;
   8:uart.c        **** uint8_t buffer[10];
   9:uart.c        **** 
  10:uart.c        **** int uart_open(USART_TypeDef *USARTx, uint32_t baud)
  11:uart.c        **** {
  12:uart.c        ****   if (USARTx == USART1)
  13:uart.c        ****   {
  14:uart.c        ****     huart.Instance = USART1;
  15:uart.c        ****   }
  16:uart.c        ****   else if (USARTx == USART2)
  17:uart.c        ****   {
  18:uart.c        ****     huart.Instance = USART2;
  19:uart.c        ****   }
  20:uart.c        ****   else if (USARTx == USART3)
  21:uart.c        ****   {
  22:uart.c        ****     huart.Instance = USART3;
  23:uart.c        ****   }
  24:uart.c        ****   huart.Init.BaudRate = baud;
  25:uart.c        ****   huart.Init.WordLength = UART_WORDLENGTH_8B;
  26:uart.c        ****   huart.Init.StopBits = UART_STOPBITS_1;
  27:uart.c        ****   huart.Init.Parity = UART_PARITY_NONE;
  28:uart.c        ****   huart.Init.Mode = UART_MODE_TX_RX;
  29:uart.c        ****   huart.Init.HwFlowCtl = UART_HWCONTROL_NONE;
  30:uart.c        ****   huart.Init.OverSampling = UART_OVERSAMPLING_16;
  31:uart.c        **** 
  32:uart.c        ****   if (HAL_UART_Init(&huart) != HAL_OK)
  33:uart.c        ****   {
ARM GAS  /var/folders/g_/_gbrp9t921v56m675w45dsjm0000gn/T//ccEwvQeh.s 			page 2


  34:uart.c        ****     Error_Handler();
  35:uart.c        ****   }
  36:uart.c        **** 
  37:uart.c        ****   return 1;
  38:uart.c        **** };
  39:uart.c        **** 
  40:uart.c        **** int uart_close(UART_HandleTypeDef *huart)
  41:uart.c        **** {
  42:uart.c        ****   HAL_UART_DeInit(huart);
  43:uart.c        ****   return 1;
  44:uart.c        **** }
  45:uart.c        **** 
  46:uart.c        **** int uart_main()
  47:uart.c        **** {
  48:uart.c        ****     HAL_Init();
  49:uart.c        **** 
  50:uart.c        ****     SystemClock_Config();
  51:uart.c        **** 
  52:uart.c        ****     /* Initialize all configured peripherals */
  53:uart.c        ****     MX_GPIO_Init();
  54:uart.c        ****     uart_open(USART1, 115200);
  55:uart.c        **** 
  56:uart.c        ****   char *message = "Hello World!\n\r"; 
  57:uart.c        ****     while (1)
  58:uart.c        ****     {
  59:uart.c        ****       	if(HAL_GPIO_ReadPin(GPIOA, GPIO_PIN_0) == GPIO_PIN_SET) {
  60:uart.c        ****           HAL_GPIO_TogglePin(GPIOC, GPIO_PIN_8);
  61:uart.c        ****           HAL_UART_Transmit(&huart, (uint8_t *) message, strlen(message), 100);
  62:uart.c        ****           HAL_Delay(100);
  63:uart.c        **** 
  64:uart.c        **** 	    }
  65:uart.c        ****         // HAL_UART_Transmit(&huart, (uint8_t *)message, strlen(message), 100);
  66:uart.c        ****         // HAL_Delay(250);
  67:uart.c        **** 
  68:uart.c        ****         // if (HAL_UART_Receive(&huart, buffer, 10, HAL_MAX_DELAY) != HAL_OK)
  69:uart.c        ****         // {
  70:uart.c        ****         //   // ERROR
  71:uart.c        ****         // };
  72:uart.c        **** 
  73:uart.c        ****         // HAL_UART_Transmit(&huart, (uint8_t *) buffer, sizeof(buffer), 100);
  74:uart.c        ****         
  75:uart.c        **** 
  76:uart.c        ****     }
  77:uart.c        ****     return 1;
  78:uart.c        **** }
  79:uart.c        **** 
  80:uart.c        **** /**
  81:uart.c        ****   * @brief System Clock Configuration
  82:uart.c        ****   * @retval None
  83:uart.c        ****   */
  84:uart.c        **** void SystemClock_Config(void)
  85:uart.c        **** {
  86:uart.c        ****   RCC_OscInitTypeDef RCC_OscInitStruct = {0};
  87:uart.c        ****   RCC_ClkInitTypeDef RCC_ClkInitStruct = {0};
  88:uart.c        **** 
  89:uart.c        ****   /** Initializes the RCC Oscillators according to the specified parameters
  90:uart.c        ****   * in the RCC_OscInitTypeDef structure.
ARM GAS  /var/folders/g_/_gbrp9t921v56m675w45dsjm0000gn/T//ccEwvQeh.s 			page 3


  91:uart.c        ****   */
  92:uart.c        ****   RCC_OscInitStruct.OscillatorType = RCC_OSCILLATORTYPE_HSI;
  93:uart.c        ****   RCC_OscInitStruct.HSIState = RCC_HSI_ON;
  94:uart.c        ****   RCC_OscInitStruct.HSICalibrationValue = RCC_HSICALIBRATION_DEFAULT;
  95:uart.c        ****   RCC_OscInitStruct.PLL.PLLState = RCC_PLL_NONE;
  96:uart.c        ****   if (HAL_RCC_OscConfig(&RCC_OscInitStruct) != HAL_OK)
  97:uart.c        ****   {
  98:uart.c        ****     Error_Handler();
  99:uart.c        ****   }
 100:uart.c        **** 
 101:uart.c        ****   /** Initializes the CPU, AHB and APB buses clocks
 102:uart.c        ****   */
 103:uart.c        ****   RCC_ClkInitStruct.ClockType = RCC_CLOCKTYPE_HCLK|RCC_CLOCKTYPE_SYSCLK
 104:uart.c        ****                               |RCC_CLOCKTYPE_PCLK1|RCC_CLOCKTYPE_PCLK2;
 105:uart.c        ****   RCC_ClkInitStruct.SYSCLKSource = RCC_SYSCLKSOURCE_HSI;
 106:uart.c        ****   RCC_ClkInitStruct.AHBCLKDivider = RCC_SYSCLK_DIV1;
 107:uart.c        ****   RCC_ClkInitStruct.APB1CLKDivider = RCC_HCLK_DIV1;
 108:uart.c        ****   RCC_ClkInitStruct.APB2CLKDivider = RCC_HCLK_DIV1;
 109:uart.c        **** 
 110:uart.c        ****   if (HAL_RCC_ClockConfig(&RCC_ClkInitStruct, FLASH_LATENCY_0) != HAL_OK)
 111:uart.c        ****   {
 112:uart.c        ****     Error_Handler();
 113:uart.c        ****   }
 114:uart.c        **** }
 115:uart.c        **** 
 116:uart.c        **** /**
 117:uart.c        ****   * @brief GPIO Initialization Function
 118:uart.c        ****   * @param None
 119:uart.c        ****   * @retval None
 120:uart.c        ****   */
 121:uart.c        **** static void MX_GPIO_Init(void)
 122:uart.c        **** {
  26              		.loc 1 122 1 view -0
  27              		.cfi_startproc
  28              		@ args = 0, pretend = 0, frame = 32
  29              		@ frame_needed = 0, uses_anonymous_args = 0
  30 0000 70B5     		push	{r4, r5, r6, lr}
  31              	.LCFI0:
  32              		.cfi_def_cfa_offset 16
  33              		.cfi_offset 4, -16
  34              		.cfi_offset 5, -12
  35              		.cfi_offset 6, -8
  36              		.cfi_offset 14, -4
  37 0002 88B0     		sub	sp, sp, #32
  38              	.LCFI1:
  39              		.cfi_def_cfa_offset 48
 123:uart.c        ****   GPIO_InitTypeDef GPIO_InitStruct = {0};
  40              		.loc 1 123 3 view .LVU1
  41              		.loc 1 123 20 is_stmt 0 view .LVU2
  42 0004 0024     		movs	r4, #0
  43 0006 0494     		str	r4, [sp, #16]
  44 0008 0594     		str	r4, [sp, #20]
  45 000a 0694     		str	r4, [sp, #24]
  46 000c 0794     		str	r4, [sp, #28]
 124:uart.c        **** 
 125:uart.c        ****   /* GPIO Ports Clock Enable */
 126:uart.c        ****   __HAL_RCC_GPIOC_CLK_ENABLE();
ARM GAS  /var/folders/g_/_gbrp9t921v56m675w45dsjm0000gn/T//ccEwvQeh.s 			page 4


  47              		.loc 1 126 3 is_stmt 1 view .LVU3
  48              	.LBB2:
  49              		.loc 1 126 3 view .LVU4
  50              		.loc 1 126 3 view .LVU5
  51 000e 1C4B     		ldr	r3, .L3
  52 0010 9A69     		ldr	r2, [r3, #24]
  53 0012 42F01002 		orr	r2, r2, #16
  54 0016 9A61     		str	r2, [r3, #24]
  55              		.loc 1 126 3 view .LVU6
  56 0018 9A69     		ldr	r2, [r3, #24]
  57 001a 02F01002 		and	r2, r2, #16
  58 001e 0192     		str	r2, [sp, #4]
  59              		.loc 1 126 3 view .LVU7
  60 0020 019A     		ldr	r2, [sp, #4]
  61              	.LBE2:
  62              		.loc 1 126 3 view .LVU8
 127:uart.c        ****   __HAL_RCC_GPIOD_CLK_ENABLE();
  63              		.loc 1 127 3 view .LVU9
  64              	.LBB3:
  65              		.loc 1 127 3 view .LVU10
  66              		.loc 1 127 3 view .LVU11
  67 0022 9A69     		ldr	r2, [r3, #24]
  68 0024 42F02002 		orr	r2, r2, #32
  69 0028 9A61     		str	r2, [r3, #24]
  70              		.loc 1 127 3 view .LVU12
  71 002a 9A69     		ldr	r2, [r3, #24]
  72 002c 02F02002 		and	r2, r2, #32
  73 0030 0292     		str	r2, [sp, #8]
  74              		.loc 1 127 3 view .LVU13
  75 0032 029A     		ldr	r2, [sp, #8]
  76              	.LBE3:
  77              		.loc 1 127 3 view .LVU14
 128:uart.c        ****   __HAL_RCC_GPIOA_CLK_ENABLE();
  78              		.loc 1 128 3 view .LVU15
  79              	.LBB4:
  80              		.loc 1 128 3 view .LVU16
  81              		.loc 1 128 3 view .LVU17
  82 0034 9A69     		ldr	r2, [r3, #24]
  83 0036 42F00402 		orr	r2, r2, #4
  84 003a 9A61     		str	r2, [r3, #24]
  85              		.loc 1 128 3 view .LVU18
  86 003c 9B69     		ldr	r3, [r3, #24]
  87 003e 03F00403 		and	r3, r3, #4
  88 0042 0393     		str	r3, [sp, #12]
  89              		.loc 1 128 3 view .LVU19
  90 0044 039B     		ldr	r3, [sp, #12]
  91              	.LBE4:
  92              		.loc 1 128 3 view .LVU20
 129:uart.c        **** 
 130:uart.c        ****   /*Configure GPIO pin Output Level */
 131:uart.c        ****   HAL_GPIO_WritePin(GPIOC, GPIO_PIN_8|GPIO_PIN_9, GPIO_PIN_RESET);
  93              		.loc 1 131 3 view .LVU21
  94 0046 0F4D     		ldr	r5, .L3+4
  95 0048 2246     		mov	r2, r4
  96 004a 4FF44071 		mov	r1, #768
  97 004e 2846     		mov	r0, r5
  98 0050 FFF7FEFF 		bl	HAL_GPIO_WritePin
ARM GAS  /var/folders/g_/_gbrp9t921v56m675w45dsjm0000gn/T//ccEwvQeh.s 			page 5


  99              	.LVL0:
 132:uart.c        **** 
 133:uart.c        ****   /*Configure GPIO pin : PA0 */
 134:uart.c        ****   GPIO_InitStruct.Pin = GPIO_PIN_0;
 100              		.loc 1 134 3 view .LVU22
 101              		.loc 1 134 23 is_stmt 0 view .LVU23
 102 0054 0126     		movs	r6, #1
 103 0056 0496     		str	r6, [sp, #16]
 135:uart.c        ****   GPIO_InitStruct.Mode = GPIO_MODE_INPUT;
 104              		.loc 1 135 3 is_stmt 1 view .LVU24
 105              		.loc 1 135 24 is_stmt 0 view .LVU25
 106 0058 0594     		str	r4, [sp, #20]
 136:uart.c        ****   GPIO_InitStruct.Pull = GPIO_NOPULL;
 107              		.loc 1 136 3 is_stmt 1 view .LVU26
 108              		.loc 1 136 24 is_stmt 0 view .LVU27
 109 005a 0694     		str	r4, [sp, #24]
 137:uart.c        ****   HAL_GPIO_Init(GPIOA, &GPIO_InitStruct);
 110              		.loc 1 137 3 is_stmt 1 view .LVU28
 111 005c 04A9     		add	r1, sp, #16
 112 005e 0A48     		ldr	r0, .L3+8
 113 0060 FFF7FEFF 		bl	HAL_GPIO_Init
 114              	.LVL1:
 138:uart.c        **** 
 139:uart.c        ****   /*Configure GPIO pins : PC8 PC9 */
 140:uart.c        ****   GPIO_InitStruct.Pin = GPIO_PIN_8|GPIO_PIN_9;
 115              		.loc 1 140 3 view .LVU29
 116              		.loc 1 140 23 is_stmt 0 view .LVU30
 117 0064 4FF44073 		mov	r3, #768
 118 0068 0493     		str	r3, [sp, #16]
 141:uart.c        ****   GPIO_InitStruct.Mode = GPIO_MODE_OUTPUT_PP;
 119              		.loc 1 141 3 is_stmt 1 view .LVU31
 120              		.loc 1 141 24 is_stmt 0 view .LVU32
 121 006a 0596     		str	r6, [sp, #20]
 142:uart.c        ****   GPIO_InitStruct.Pull = GPIO_NOPULL;
 122              		.loc 1 142 3 is_stmt 1 view .LVU33
 123              		.loc 1 142 24 is_stmt 0 view .LVU34
 124 006c 0694     		str	r4, [sp, #24]
 143:uart.c        ****   GPIO_InitStruct.Speed = GPIO_SPEED_FREQ_LOW;
 125              		.loc 1 143 3 is_stmt 1 view .LVU35
 126              		.loc 1 143 25 is_stmt 0 view .LVU36
 127 006e 0223     		movs	r3, #2
 128 0070 0793     		str	r3, [sp, #28]
 144:uart.c        ****   HAL_GPIO_Init(GPIOC, &GPIO_InitStruct);
 129              		.loc 1 144 3 is_stmt 1 view .LVU37
 130 0072 04A9     		add	r1, sp, #16
 131 0074 2846     		mov	r0, r5
 132 0076 FFF7FEFF 		bl	HAL_GPIO_Init
 133              	.LVL2:
 145:uart.c        **** 
 146:uart.c        **** }...
 134              		.loc 1 146 1 is_stmt 0 view .LVU38
 135 007a 08B0     		add	sp, sp, #32
 136              	.LCFI2:
 137              		.cfi_def_cfa_offset 16
 138              		@ sp needed
 139 007c 70BD     		pop	{r4, r5, r6, pc}
 140              	.L4:
ARM GAS  /var/folders/g_/_gbrp9t921v56m675w45dsjm0000gn/T//ccEwvQeh.s 			page 6


 141 007e 00BF     		.align	2
 142              	.L3:
 143 0080 00100240 		.word	1073876992
 144 0084 00100140 		.word	1073811456
 145 0088 00080140 		.word	1073809408
 146              		.cfi_endproc
 147              	.LFE69:
 149              		.section	.text.uart_open,"ax",%progbits
 150              		.align	1
 151              		.global	uart_open
 152              		.syntax unified
 153              		.thumb
 154              		.thumb_func
 156              	uart_open:
 157              	.LVL3:
 158              	.LFB65:
  11:uart.c        **** {
 159              		.loc 1 11 1 is_stmt 1 view -0
 160              		.cfi_startproc
 161              		@ args = 0, pretend = 0, frame = 0
 162              		@ frame_needed = 0, uses_anonymous_args = 0
  11:uart.c        **** {
 163              		.loc 1 11 1 is_stmt 0 view .LVU40
 164 0000 08B5     		push	{r3, lr}
 165              	.LCFI3:
 166              		.cfi_def_cfa_offset 8
 167              		.cfi_offset 3, -8
 168              		.cfi_offset 14, -4
  12:uart.c        ****   if (USARTx == USART1)
 169              		.loc 1 12 3 is_stmt 1 view .LVU41
  12:uart.c        ****   if (USARTx == USART1)
 170              		.loc 1 12 6 is_stmt 0 view .LVU42
 171 0002 134B     		ldr	r3, .L15
 172 0004 9842     		cmp	r0, r3
 173 0006 14D0     		beq	.L11
  16:uart.c        ****   else if (USARTx == USART2)
 174              		.loc 1 16 8 is_stmt 1 view .LVU43
  16:uart.c        ****   else if (USARTx == USART2)
 175              		.loc 1 16 11 is_stmt 0 view .LVU44
 176 0008 124B     		ldr	r3, .L15+4
 177 000a 9842     		cmp	r0, r3
 178 000c 15D0     		beq	.L12
  20:uart.c        ****   else if (USARTx == USART3)
 179              		.loc 1 20 8 is_stmt 1 view .LVU45
  20:uart.c        ****   else if (USARTx == USART3)
 180              		.loc 1 20 11 is_stmt 0 view .LVU46
 181 000e 124B     		ldr	r3, .L15+8
 182 0010 9842     		cmp	r0, r3
 183 0012 16D0     		beq	.L13
 184              	.L7:
  24:uart.c        ****   huart.Init.BaudRate = baud;
 185              		.loc 1 24 3 is_stmt 1 view .LVU47
  24:uart.c        ****   huart.Init.BaudRate = baud;
 186              		.loc 1 24 23 is_stmt 0 view .LVU48
 187 0014 1148     		ldr	r0, .L15+12
 188              	.LVL4:
  24:uart.c        ****   huart.Init.BaudRate = baud;
ARM GAS  /var/folders/g_/_gbrp9t921v56m675w45dsjm0000gn/T//ccEwvQeh.s 			page 7


 189              		.loc 1 24 23 view .LVU49
 190 0016 4160     		str	r1, [r0, #4]
  25:uart.c        ****   huart.Init.WordLength = UART_WORDLENGTH_8B;
 191              		.loc 1 25 3 is_stmt 1 view .LVU50
  25:uart.c        ****   huart.Init.WordLength = UART_WORDLENGTH_8B;
 192              		.loc 1 25 25 is_stmt 0 view .LVU51
 193 0018 0023     		movs	r3, #0
 194 001a 8360     		str	r3, [r0, #8]
  26:uart.c        ****   huart.Init.StopBits = UART_STOPBITS_1;
 195              		.loc 1 26 3 is_stmt 1 view .LVU52
  26:uart.c        ****   huart.Init.StopBits = UART_STOPBITS_1;
 196              		.loc 1 26 23 is_stmt 0 view .LVU53
 197 001c C360     		str	r3, [r0, #12]
  27:uart.c        ****   huart.Init.Parity = UART_PARITY_NONE;
 198              		.loc 1 27 3 is_stmt 1 view .LVU54
  27:uart.c        ****   huart.Init.Parity = UART_PARITY_NONE;
 199              		.loc 1 27 21 is_stmt 0 view .LVU55
 200 001e 0361     		str	r3, [r0, #16]
  28:uart.c        ****   huart.Init.Mode = UART_MODE_TX_RX;
 201              		.loc 1 28 3 is_stmt 1 view .LVU56
  28:uart.c        ****   huart.Init.Mode = UART_MODE_TX_RX;
 202              		.loc 1 28 19 is_stmt 0 view .LVU57
 203 0020 0C22     		movs	r2, #12
 204 0022 4261     		str	r2, [r0, #20]
  29:uart.c        ****   huart.Init.HwFlowCtl = UART_HWCONTROL_NONE;
 205              		.loc 1 29 3 is_stmt 1 view .LVU58
  29:uart.c        ****   huart.Init.HwFlowCtl = UART_HWCONTROL_NONE;
 206              		.loc 1 29 24 is_stmt 0 view .LVU59
 207 0024 8361     		str	r3, [r0, #24]
  30:uart.c        ****   huart.Init.OverSampling = UART_OVERSAMPLING_16;
 208              		.loc 1 30 3 is_stmt 1 view .LVU60
  30:uart.c        ****   huart.Init.OverSampling = UART_OVERSAMPLING_16;
 209              		.loc 1 30 27 is_stmt 0 view .LVU61
 210 0026 C361     		str	r3, [r0, #28]
  32:uart.c        ****   if (HAL_UART_Init(&huart) != HAL_OK)
 211              		.loc 1 32 3 is_stmt 1 view .LVU62
  32:uart.c        ****   if (HAL_UART_Init(&huart) != HAL_OK)
 212              		.loc 1 32 7 is_stmt 0 view .LVU63
 213 0028 FFF7FEFF 		bl	HAL_UART_Init
 214              	.LVL5:
  32:uart.c        ****   if (HAL_UART_Init(&huart) != HAL_OK)
 215              		.loc 1 32 6 view .LVU64
 216 002c 68B9     		cbnz	r0, .L14
 217              	.L9:
  37:uart.c        ****   return 1;
 218              		.loc 1 37 3 is_stmt 1 view .LVU65
  38:uart.c        **** };
 219              		.loc 1 38 1 is_stmt 0 view .LVU66
 220 002e 0120     		movs	r0, #1
 221 0030 08BD     		pop	{r3, pc}
 222              	.LVL6:
 223              	.L11:
  14:uart.c        ****     huart.Instance = USART1;
 224              		.loc 1 14 5 is_stmt 1 view .LVU67
  14:uart.c        ****     huart.Instance = USART1;
 225              		.loc 1 14 20 is_stmt 0 view .LVU68
 226 0032 0A4B     		ldr	r3, .L15+12
ARM GAS  /var/folders/g_/_gbrp9t921v56m675w45dsjm0000gn/T//ccEwvQeh.s 			page 8


 227 0034 064A     		ldr	r2, .L15
 228 0036 1A60     		str	r2, [r3]
 229 0038 ECE7     		b	.L7
 230              	.L12:
  18:uart.c        ****     huart.Instance = USART2;
 231              		.loc 1 18 5 is_stmt 1 view .LVU69
  18:uart.c        ****     huart.Instance = USART2;
 232              		.loc 1 18 20 is_stmt 0 view .LVU70
 233 003a 084B     		ldr	r3, .L15+12
 234 003c 054A     		ldr	r2, .L15+4
 235 003e 1A60     		str	r2, [r3]
 236 0040 E8E7     		b	.L7
 237              	.L13:
  22:uart.c        ****     huart.Instance = USART3;
 238              		.loc 1 22 5 is_stmt 1 view .LVU71
  22:uart.c        ****     huart.Instance = USART3;
 239              		.loc 1 22 20 is_stmt 0 view .LVU72
 240 0042 064B     		ldr	r3, .L15+12
 241 0044 044A     		ldr	r2, .L15+8
 242 0046 1A60     		str	r2, [r3]
 243 0048 E4E7     		b	.L7
 244              	.LVL7:
 245              	.L14:
  34:uart.c        ****     Error_Handler();
 246              		.loc 1 34 5 is_stmt 1 view .LVU73
 247 004a FFF7FEFF 		bl	Error_Handler
 248              	.LVL8:
 249 004e EEE7     		b	.L9
 250              	.L16:
 251              		.align	2
 252              	.L15:
 253 0050 00380140 		.word	1073821696
 254 0054 00440040 		.word	1073759232
 255 0058 00480040 		.word	1073760256
 256 005c 00000000 		.word	huart
 257              		.cfi_endproc
 258              	.LFE65:
 260              		.section	.text.uart_close,"ax",%progbits
 261              		.align	1
 262              		.global	uart_close
 263              		.syntax unified
 264              		.thumb
 265              		.thumb_func
 267              	uart_close:
 268              	.LVL9:
 269              	.LFB66:
  41:uart.c        **** {
 270              		.loc 1 41 1 view -0
 271              		.cfi_startproc
 272              		@ args = 0, pretend = 0, frame = 0
 273              		@ frame_needed = 0, uses_anonymous_args = 0
  41:uart.c        **** {
 274              		.loc 1 41 1 is_stmt 0 view .LVU75
 275 0000 08B5     		push	{r3, lr}
 276              	.LCFI4:
 277              		.cfi_def_cfa_offset 8
 278              		.cfi_offset 3, -8
ARM GAS  /var/folders/g_/_gbrp9t921v56m675w45dsjm0000gn/T//ccEwvQeh.s 			page 9


 279              		.cfi_offset 14, -4
  42:uart.c        ****   HAL_UART_DeInit(huart);
 280              		.loc 1 42 3 is_stmt 1 view .LVU76
 281 0002 FFF7FEFF 		bl	HAL_UART_DeInit
 282              	.LVL10:
  43:uart.c        ****   return 1;
 283              		.loc 1 43 3 view .LVU77
  44:uart.c        **** }
 284              		.loc 1 44 1 is_stmt 0 view .LVU78
 285 0006 0120     		movs	r0, #1
 286 0008 08BD     		pop	{r3, pc}
 287              		.cfi_endproc
 288              	.LFE66:
 290              		.section	.text.SystemClock_Config,"ax",%progbits
 291              		.align	1
 292              		.global	SystemClock_Config
 293              		.syntax unified
 294              		.thumb
 295              		.thumb_func
 297              	SystemClock_Config:
 298              	.LFB68:
  85:uart.c        **** {
 299              		.loc 1 85 1 is_stmt 1 view -0
 300              		.cfi_startproc
 301              		@ args = 0, pretend = 0, frame = 64
 302              		@ frame_needed = 0, uses_anonymous_args = 0
 303 0000 00B5     		push	{lr}
 304              	.LCFI5:
 305              		.cfi_def_cfa_offset 4
 306              		.cfi_offset 14, -4
 307 0002 91B0     		sub	sp, sp, #68
 308              	.LCFI6:
 309              		.cfi_def_cfa_offset 72
  86:uart.c        ****   RCC_OscInitTypeDef RCC_OscInitStruct = {0};
 310              		.loc 1 86 3 view .LVU80
  86:uart.c        ****   RCC_OscInitTypeDef RCC_OscInitStruct = {0};
 311              		.loc 1 86 22 is_stmt 0 view .LVU81
 312 0004 2822     		movs	r2, #40
 313 0006 0021     		movs	r1, #0
 314 0008 06A8     		add	r0, sp, #24
 315 000a FFF7FEFF 		bl	memset
 316              	.LVL11:
  87:uart.c        ****   RCC_ClkInitTypeDef RCC_ClkInitStruct = {0};
 317              		.loc 1 87 3 is_stmt 1 view .LVU82
  87:uart.c        ****   RCC_ClkInitTypeDef RCC_ClkInitStruct = {0};
 318              		.loc 1 87 22 is_stmt 0 view .LVU83
 319 000e 0023     		movs	r3, #0
 320 0010 0193     		str	r3, [sp, #4]
 321 0012 0293     		str	r3, [sp, #8]
 322 0014 0393     		str	r3, [sp, #12]
 323 0016 0493     		str	r3, [sp, #16]
 324 0018 0593     		str	r3, [sp, #20]
  92:uart.c        ****   RCC_OscInitStruct.OscillatorType = RCC_OSCILLATORTYPE_HSI;
 325              		.loc 1 92 3 is_stmt 1 view .LVU84
  92:uart.c        ****   RCC_OscInitStruct.OscillatorType = RCC_OSCILLATORTYPE_HSI;
 326              		.loc 1 92 36 is_stmt 0 view .LVU85
 327 001a 0223     		movs	r3, #2
ARM GAS  /var/folders/g_/_gbrp9t921v56m675w45dsjm0000gn/T//ccEwvQeh.s 			page 10


 328 001c 0693     		str	r3, [sp, #24]
  93:uart.c        ****   RCC_OscInitStruct.HSIState = RCC_HSI_ON;
 329              		.loc 1 93 3 is_stmt 1 view .LVU86
  93:uart.c        ****   RCC_OscInitStruct.HSIState = RCC_HSI_ON;
 330              		.loc 1 93 30 is_stmt 0 view .LVU87
 331 001e 0123     		movs	r3, #1
 332 0020 0A93     		str	r3, [sp, #40]
  94:uart.c        ****   RCC_OscInitStruct.HSICalibrationValue = RCC_HSICALIBRATION_DEFAULT;
 333              		.loc 1 94 3 is_stmt 1 view .LVU88
  94:uart.c        ****   RCC_OscInitStruct.HSICalibrationValue = RCC_HSICALIBRATION_DEFAULT;
 334              		.loc 1 94 41 is_stmt 0 view .LVU89
 335 0022 1023     		movs	r3, #16
 336 0024 0B93     		str	r3, [sp, #44]
  95:uart.c        ****   RCC_OscInitStruct.PLL.PLLState = RCC_PLL_NONE;
 337              		.loc 1 95 3 is_stmt 1 view .LVU90
  96:uart.c        ****   if (HAL_RCC_OscConfig(&RCC_OscInitStruct) != HAL_OK)
 338              		.loc 1 96 3 view .LVU91
  96:uart.c        ****   if (HAL_RCC_OscConfig(&RCC_OscInitStruct) != HAL_OK)
 339              		.loc 1 96 7 is_stmt 0 view .LVU92
 340 0026 06A8     		add	r0, sp, #24
 341 0028 FFF7FEFF 		bl	HAL_RCC_OscConfig
 342              	.LVL12:
  96:uart.c        ****   if (HAL_RCC_OscConfig(&RCC_OscInitStruct) != HAL_OK)
 343              		.loc 1 96 6 view .LVU93
 344 002c 68B9     		cbnz	r0, .L23
 345              	.L20:
 103:uart.c        ****   RCC_ClkInitStruct.ClockType = RCC_CLOCKTYPE_HCLK|RCC_CLOCKTYPE_SYSCLK
 346              		.loc 1 103 3 is_stmt 1 view .LVU94
 103:uart.c        ****   RCC_ClkInitStruct.ClockType = RCC_CLOCKTYPE_HCLK|RCC_CLOCKTYPE_SYSCLK
 347              		.loc 1 103 31 is_stmt 0 view .LVU95
 348 002e 0F23     		movs	r3, #15
 349 0030 0193     		str	r3, [sp, #4]
 105:uart.c        ****   RCC_ClkInitStruct.SYSCLKSource = RCC_SYSCLKSOURCE_HSI;
 350              		.loc 1 105 3 is_stmt 1 view .LVU96
 105:uart.c        ****   RCC_ClkInitStruct.SYSCLKSource = RCC_SYSCLKSOURCE_HSI;
 351              		.loc 1 105 34 is_stmt 0 view .LVU97
 352 0032 0021     		movs	r1, #0
 353 0034 0291     		str	r1, [sp, #8]
 106:uart.c        ****   RCC_ClkInitStruct.AHBCLKDivider = RCC_SYSCLK_DIV1;
 354              		.loc 1 106 3 is_stmt 1 view .LVU98
 106:uart.c        ****   RCC_ClkInitStruct.AHBCLKDivider = RCC_SYSCLK_DIV1;
 355              		.loc 1 106 35 is_stmt 0 view .LVU99
 356 0036 0391     		str	r1, [sp, #12]
 107:uart.c        ****   RCC_ClkInitStruct.APB1CLKDivider = RCC_HCLK_DIV1;
 357              		.loc 1 107 3 is_stmt 1 view .LVU100
 107:uart.c        ****   RCC_ClkInitStruct.APB1CLKDivider = RCC_HCLK_DIV1;
 358              		.loc 1 107 36 is_stmt 0 view .LVU101
 359 0038 0491     		str	r1, [sp, #16]
 108:uart.c        ****   RCC_ClkInitStruct.APB2CLKDivider = RCC_HCLK_DIV1;
 360              		.loc 1 108 3 is_stmt 1 view .LVU102
 108:uart.c        ****   RCC_ClkInitStruct.APB2CLKDivider = RCC_HCLK_DIV1;
 361              		.loc 1 108 36 is_stmt 0 view .LVU103
 362 003a 0591     		str	r1, [sp, #20]
 110:uart.c        ****   if (HAL_RCC_ClockConfig(&RCC_ClkInitStruct, FLASH_LATENCY_0) != HAL_OK)
 363              		.loc 1 110 3 is_stmt 1 view .LVU104
 110:uart.c        ****   if (HAL_RCC_ClockConfig(&RCC_ClkInitStruct, FLASH_LATENCY_0) != HAL_OK)
 364              		.loc 1 110 7 is_stmt 0 view .LVU105
ARM GAS  /var/folders/g_/_gbrp9t921v56m675w45dsjm0000gn/T//ccEwvQeh.s 			page 11


 365 003c 01A8     		add	r0, sp, #4
 366 003e FFF7FEFF 		bl	HAL_RCC_ClockConfig
 367              	.LVL13:
 110:uart.c        ****   if (HAL_RCC_ClockConfig(&RCC_ClkInitStruct, FLASH_LATENCY_0) != HAL_OK)
 368              		.loc 1 110 6 view .LVU106
 369 0042 28B9     		cbnz	r0, .L24
 370              	.L19:
 114:uart.c        **** }
 371              		.loc 1 114 1 view .LVU107
 372 0044 11B0     		add	sp, sp, #68
 373              	.LCFI7:
 374              		.cfi_remember_state
 375              		.cfi_def_cfa_offset 4
 376              		@ sp needed
 377 0046 5DF804FB 		ldr	pc, [sp], #4
 378              	.L23:
 379              	.LCFI8:
 380              		.cfi_restore_state
  98:uart.c        ****     Error_Handler();
 381              		.loc 1 98 5 is_stmt 1 view .LVU108
 382 004a FFF7FEFF 		bl	Error_Handler
 383              	.LVL14:
 384 004e EEE7     		b	.L20
 385              	.L24:
 112:uart.c        ****     Error_Handler();
 386              		.loc 1 112 5 view .LVU109
 387 0050 FFF7FEFF 		bl	Error_Handler
 388              	.LVL15:
 114:uart.c        **** }
 389              		.loc 1 114 1 is_stmt 0 view .LVU110
 390 0054 F6E7     		b	.L19
 391              		.cfi_endproc
 392              	.LFE68:
 394              		.section	.rodata.uart_main.str1.4,"aMS",%progbits,1
 395              		.align	2
 396              	.LC0:
 397 0000 48656C6C 		.ascii	"Hello World!\012\015\000"
 397      6F20576F 
 397      726C6421 
 397      0A0D00
 398              		.section	.text.uart_main,"ax",%progbits
 399              		.align	1
 400              		.global	uart_main
 401              		.syntax unified
 402              		.thumb
 403              		.thumb_func
 405              	uart_main:
 406              	.LFB67:
  47:uart.c        **** {
 407              		.loc 1 47 1 is_stmt 1 view -0
 408              		.cfi_startproc
 409              		@ args = 0, pretend = 0, frame = 0
 410              		@ frame_needed = 0, uses_anonymous_args = 0
 411 0000 08B5     		push	{r3, lr}
 412              	.LCFI9:
 413              		.cfi_def_cfa_offset 8
 414              		.cfi_offset 3, -8
ARM GAS  /var/folders/g_/_gbrp9t921v56m675w45dsjm0000gn/T//ccEwvQeh.s 			page 12


 415              		.cfi_offset 14, -4
  48:uart.c        ****     HAL_Init();
 416              		.loc 1 48 5 view .LVU112
 417 0002 FFF7FEFF 		bl	HAL_Init
 418              	.LVL16:
  50:uart.c        ****     SystemClock_Config();
 419              		.loc 1 50 5 view .LVU113
 420 0006 FFF7FEFF 		bl	SystemClock_Config
 421              	.LVL17:
  53:uart.c        ****     MX_GPIO_Init();
 422              		.loc 1 53 5 view .LVU114
 423 000a FFF7FEFF 		bl	MX_GPIO_Init
 424              	.LVL18:
  54:uart.c        ****     uart_open(USART1, 115200);
 425              		.loc 1 54 5 view .LVU115
 426 000e 4FF4E131 		mov	r1, #115200
 427 0012 0C48     		ldr	r0, .L29
 428 0014 FFF7FEFF 		bl	uart_open
 429              	.LVL19:
  56:uart.c        ****   char *message = "Hello World!\n\r"; 
 430              		.loc 1 56 3 view .LVU116
 431              	.L26:
  57:uart.c        ****     while (1)
 432              		.loc 1 57 5 view .LVU117
  59:uart.c        ****       	if(HAL_GPIO_ReadPin(GPIOA, GPIO_PIN_0) == GPIO_PIN_SET) {
 433              		.loc 1 59 8 view .LVU118
  59:uart.c        ****       	if(HAL_GPIO_ReadPin(GPIOA, GPIO_PIN_0) == GPIO_PIN_SET) {
 434              		.loc 1 59 11 is_stmt 0 view .LVU119
 435 0018 0121     		movs	r1, #1
 436 001a 0B48     		ldr	r0, .L29+4
 437 001c FFF7FEFF 		bl	HAL_GPIO_ReadPin
 438              	.LVL20:
  59:uart.c        ****       	if(HAL_GPIO_ReadPin(GPIOA, GPIO_PIN_0) == GPIO_PIN_SET) {
 439              		.loc 1 59 10 view .LVU120
 440 0020 0128     		cmp	r0, #1
 441 0022 F9D1     		bne	.L26
  60:uart.c        ****           HAL_GPIO_TogglePin(GPIOC, GPIO_PIN_8);
 442              		.loc 1 60 11 is_stmt 1 view .LVU121
 443 0024 4FF48071 		mov	r1, #256
 444 0028 0848     		ldr	r0, .L29+8
 445 002a FFF7FEFF 		bl	HAL_GPIO_TogglePin
 446              	.LVL21:
  61:uart.c        ****           HAL_UART_Transmit(&huart, (uint8_t *) message, strlen(message), 100);
 447              		.loc 1 61 11 view .LVU122
 448 002e 6423     		movs	r3, #100
 449 0030 0E22     		movs	r2, #14
 450 0032 0749     		ldr	r1, .L29+12
 451 0034 0748     		ldr	r0, .L29+16
 452 0036 FFF7FEFF 		bl	HAL_UART_Transmit
 453              	.LVL22:
  62:uart.c        ****           HAL_Delay(100);
 454              		.loc 1 62 11 view .LVU123
 455 003a 6420     		movs	r0, #100
 456 003c FFF7FEFF 		bl	HAL_Delay
 457              	.LVL23:
 458 0040 EAE7     		b	.L26
 459              	.L30:
ARM GAS  /var/folders/g_/_gbrp9t921v56m675w45dsjm0000gn/T//ccEwvQeh.s 			page 13


 460 0042 00BF     		.align	2
 461              	.L29:
 462 0044 00380140 		.word	1073821696
 463 0048 00080140 		.word	1073809408
 464 004c 00100140 		.word	1073811456
 465 0050 00000000 		.word	.LC0
 466 0054 00000000 		.word	huart
 467              		.cfi_endproc
 468              	.LFE67:
 470              		.global	buffer
 471              		.section	.bss.buffer,"aw",%nobits
 472              		.align	2
 475              	buffer:
 476 0000 00000000 		.space	10
 476      00000000 
 476      0000
 477              		.global	huart
 478              		.section	.bss.huart,"aw",%nobits
 479              		.align	2
 482              	huart:
 483 0000 00000000 		.space	68
 483      00000000 
 483      00000000 
 483      00000000 
 483      00000000 
 484              		.text
 485              	.Letext0:
 486              		.file 2 "/Applications/ArmGNUToolchain/12.2.mpacbti-rel1/arm-none-eabi/arm-none-eabi/include/machi
 487              		.file 3 "/Applications/ArmGNUToolchain/12.2.mpacbti-rel1/arm-none-eabi/arm-none-eabi/include/sys/_
 488              		.file 4 "../Drivers/CMSIS/Device/ST/STM32F1xx/Include/stm32f100xb.h"
 489              		.file 5 "/Applications/ArmGNUToolchain/12.2.mpacbti-rel1/arm-none-eabi/lib/gcc/arm-none-eabi/12.2.
 490              		.file 6 "../Drivers/STM32F1xx_HAL_Driver/Inc/stm32f1xx_hal_def.h"
 491              		.file 7 "../Drivers/STM32F1xx_HAL_Driver/Inc/stm32f1xx_hal_rcc.h"
 492              		.file 8 "../Drivers/STM32F1xx_HAL_Driver/Inc/stm32f1xx_hal_rcc_ex.h"
 493              		.file 9 "../Drivers/STM32F1xx_HAL_Driver/Inc/stm32f1xx_hal_gpio.h"
 494              		.file 10 "../Drivers/STM32F1xx_HAL_Driver/Inc/stm32f1xx_hal_dma.h"
 495              		.file 11 "../Drivers/STM32F1xx_HAL_Driver/Inc/stm32f1xx_hal_uart.h"
 496              		.file 12 "../Drivers/STM32F1xx_HAL_Driver/Inc/stm32f1xx_hal.h"
 497              		.file 13 "/Applications/ArmGNUToolchain/12.2.mpacbti-rel1/arm-none-eabi/arm-none-eabi/include/stri
 498              		.file 14 "main.h"
 499              		.file 15 "<built-in>"
ARM GAS  /var/folders/g_/_gbrp9t921v56m675w45dsjm0000gn/T//ccEwvQeh.s 			page 14


DEFINED SYMBOLS
                            *ABS*:00000000 uart.c
/var/folders/g_/_gbrp9t921v56m675w45dsjm0000gn/T//ccEwvQeh.s:19     .text.MX_GPIO_Init:00000000 $t
/var/folders/g_/_gbrp9t921v56m675w45dsjm0000gn/T//ccEwvQeh.s:24     .text.MX_GPIO_Init:00000000 MX_GPIO_Init
/var/folders/g_/_gbrp9t921v56m675w45dsjm0000gn/T//ccEwvQeh.s:143    .text.MX_GPIO_Init:00000080 $d
/var/folders/g_/_gbrp9t921v56m675w45dsjm0000gn/T//ccEwvQeh.s:150    .text.uart_open:00000000 $t
/var/folders/g_/_gbrp9t921v56m675w45dsjm0000gn/T//ccEwvQeh.s:156    .text.uart_open:00000000 uart_open
/var/folders/g_/_gbrp9t921v56m675w45dsjm0000gn/T//ccEwvQeh.s:253    .text.uart_open:00000050 $d
/var/folders/g_/_gbrp9t921v56m675w45dsjm0000gn/T//ccEwvQeh.s:482    .bss.huart:00000000 huart
/var/folders/g_/_gbrp9t921v56m675w45dsjm0000gn/T//ccEwvQeh.s:261    .text.uart_close:00000000 $t
/var/folders/g_/_gbrp9t921v56m675w45dsjm0000gn/T//ccEwvQeh.s:267    .text.uart_close:00000000 uart_close
/var/folders/g_/_gbrp9t921v56m675w45dsjm0000gn/T//ccEwvQeh.s:291    .text.SystemClock_Config:00000000 $t
/var/folders/g_/_gbrp9t921v56m675w45dsjm0000gn/T//ccEwvQeh.s:297    .text.SystemClock_Config:00000000 SystemClock_Config
/var/folders/g_/_gbrp9t921v56m675w45dsjm0000gn/T//ccEwvQeh.s:395    .rodata.uart_main.str1.4:00000000 $d
/var/folders/g_/_gbrp9t921v56m675w45dsjm0000gn/T//ccEwvQeh.s:399    .text.uart_main:00000000 $t
/var/folders/g_/_gbrp9t921v56m675w45dsjm0000gn/T//ccEwvQeh.s:405    .text.uart_main:00000000 uart_main
/var/folders/g_/_gbrp9t921v56m675w45dsjm0000gn/T//ccEwvQeh.s:462    .text.uart_main:00000044 $d
/var/folders/g_/_gbrp9t921v56m675w45dsjm0000gn/T//ccEwvQeh.s:475    .bss.buffer:00000000 buffer
/var/folders/g_/_gbrp9t921v56m675w45dsjm0000gn/T//ccEwvQeh.s:472    .bss.buffer:00000000 $d
/var/folders/g_/_gbrp9t921v56m675w45dsjm0000gn/T//ccEwvQeh.s:479    .bss.huart:00000000 $d

UNDEFINED SYMBOLS
HAL_GPIO_WritePin
HAL_GPIO_Init
HAL_UART_Init
Error_Handler
HAL_UART_DeInit
memset
HAL_RCC_OscConfig
HAL_RCC_ClockConfig
HAL_Init
HAL_GPIO_ReadPin
HAL_GPIO_TogglePin
HAL_UART_Transmit
HAL_Delay
